<?xml version="1.0" encoding="UTF-8"?>
<testng-results ignored="0" total="2" passed="2" failed="0" skipped="0">
  <reporter-output>
  </reporter-output>
  <suite started-at="2024-10-12T15:30:30 IST" name="Suite" finished-at="2024-10-12T15:30:51 IST" duration-ms="21206">
    <groups>
      <group name="Purchase">
        <method signature="SubmitOrderTest.submitOrder(java.util.HashMap)[pri:0, instance:rahulshettyacademy.tests.SubmitOrderTest@9f116cc]" name="submitOrder" class="rahulshettyacademy.tests.SubmitOrderTest"/>
      </group> <!-- Purchase -->
    </groups>
    <test started-at="2024-10-12T15:30:30 IST" name="Error Validations Test" finished-at="2024-10-12T15:30:30 IST" duration-ms="31">
    </test> <!-- Error Validations Test -->
    <test started-at="2024-10-12T15:30:30 IST" name="Submit Order Test" finished-at="2024-10-12T15:30:51 IST" duration-ms="21206">
      <class name="rahulshettyacademy.tests.SubmitOrderTest">
        <test-method is-config="true" signature="launchApplication()[pri:0, instance:rahulshettyacademy.tests.SubmitOrderTest@9f116cc]" started-at="2024-10-12T15:30:30 IST" name="launchApplication" finished-at="2024-10-12T15:30:38 IST" duration-ms="7562" status="PASS">
          <reporter-output>
          </reporter-output>
        </test-method> <!-- launchApplication -->
        <test-method signature="submitOrder(java.util.HashMap)[pri:0, instance:rahulshettyacademy.tests.SubmitOrderTest@9f116cc]" started-at="2024-10-12T15:30:38 IST" name="submitOrder" data-provider="getData" finished-at="2024-10-12T15:30:43 IST" duration-ms="4842" status="PASS">
          <params>
            <param index="0">
              <value>
                <![CDATA[{password=Iamking@000, product=ZARA COAT 3, email=anshika@gmail.com}]]>
              </value>
            </param>
          </params>
          <reporter-output>
          </reporter-output>
        </test-method> <!-- submitOrder -->
        <test-method is-config="true" signature="tearDown()[pri:0, instance:rahulshettyacademy.tests.SubmitOrderTest@9f116cc]" started-at="2024-10-12T15:30:43 IST" name="tearDown" finished-at="2024-10-12T15:30:43 IST" duration-ms="85" status="PASS">
          <reporter-output>
          </reporter-output>
        </test-method> <!-- tearDown -->
        <test-method is-config="true" signature="launchApplication()[pri:0, instance:rahulshettyacademy.tests.SubmitOrderTest@9f116cc]" started-at="2024-10-12T15:30:43 IST" name="launchApplication" finished-at="2024-10-12T15:30:47 IST" duration-ms="4033" status="PASS">
          <reporter-output>
          </reporter-output>
        </test-method> <!-- launchApplication -->
        <test-method signature="submitOrder(java.util.HashMap)[pri:0, instance:rahulshettyacademy.tests.SubmitOrderTest@9f116cc]" started-at="2024-10-12T15:30:47 IST" name="submitOrder" data-provider="getData" finished-at="2024-10-12T15:30:51 IST" duration-ms="3954" status="PASS">
          <params>
            <param index="0">
              <value>
                <![CDATA[{password=Iamking@000, product=ADIDAS ORIGINAL, email=shetty@gmail.com}]]>
              </value>
            </param>
          </params>
          <reporter-output>
          </reporter-output>
        </test-method> <!-- submitOrder -->
        <test-method is-config="true" signature="tearDown()[pri:0, instance:rahulshettyacademy.tests.SubmitOrderTest@9f116cc]" started-at="2024-10-12T15:30:51 IST" name="tearDown" finished-at="2024-10-12T15:30:51 IST" duration-ms="105" status="PASS">
          <reporter-output>
          </reporter-output>
        </test-method> <!-- tearDown -->
      </class> <!-- rahulshettyacademy.tests.SubmitOrderTest -->
    </test> <!-- Submit Order Test -->
  </suite> <!-- Suite -->
</testng-results>
