<?xml version="1.0" encoding="UTF-8"?>
<!-- Generated by org.testng.reporters.JUnitReportReporter -->
<testsuite hostname="DESKTOP-3TD0FSU" failures="0" tests="2" name="rahulshettyacademy.tests.SubmitOrderTest" time="20.581" errors="0" timestamp="2024-10-12T15:30:51 IST" skipped="0">
  <testcase classname="rahulshettyacademy.tests.SubmitOrderTest" name="submitOrder" time="8.980"/>
  <testcase classname="rahulshettyacademy.tests.SubmitOrderTest" name="submitOrder" time="11.601"/>
</testsuite> <!-- rahulshettyacademy.tests.SubmitOrderTest -->
