<?xml version="1.0" encoding="UTF-8"?>
<!-- Generated by org.testng.reporters.JUnitReportReporter -->
<testsuite hostname="DESKTOP-3TD0FSU" failures="0" tests="2" name="rahulshettyacademy.tests.ErrorValidationsTest" time="22.276" errors="0" timestamp="2024-10-12T15:28:19 IST" skipped="0">
  <testcase classname="rahulshettyacademy.tests.ErrorValidationsTest" name="ProductErrorValidation" time="8.047"/>
  <testcase classname="rahulshettyacademy.tests.ErrorValidationsTest" name="LoginErrorValidation" time="14.229"/>
</testsuite> <!-- rahulshettyacademy.tests.ErrorValidationsTest -->
